<?xml version="1.0" encoding="UTF-8"?>
<!-- Generated by org.testng.reporters.JUnitXMLReporter -->
<testsuite hostname="DESKTOP-OJ618SO" ignored="0" name="Surefire test" tests="2" failures="0" timestamp="25 Feb 2021 10:50:55 GMT" time="74.695" errors="0">
  <testcase name="runScenario" time="39.113" classname="io.cucumber.testng.AbstractTestNGCucumberTests"/>
  <testcase name="runScenario" time="70.064" classname="io.cucumber.testng.AbstractTestNGCucumberTests"/>
</testsuite> <!-- Surefire test -->
