<?xml version="1.0" encoding="UTF-8"?>
<!-- Generated by org.testng.reporters.JUnitXMLReporter -->
<testsuite hostname="DESKTOP-OJ618SO" ignored="0" name="Default test" tests="2" failures="0" timestamp="25 Feb 2021 10:52:12 GMT" time="37.761" errors="0">
  <testcase name="runScenario" time="25.475" classname="io.cucumber.testng.AbstractTestNGCucumberTests"/>
  <testcase name="runScenario" time="33.37" classname="io.cucumber.testng.AbstractTestNGCucumberTests"/>
</testsuite> <!-- Default test -->
